Build started 9/20/2013 10:51:15 AM.
     1>Project "S:\cpp\Graphics Project - vs10\Graphics Project.vcxproj" on node 2 (build target(s)).
     1>InitializeBuildStatus:
         Creating "Debug\Graphics Project.unsuccessfulbuild" because "AlwaysCreate" was specified.
       ClCompile:
         C:\Program Files (x86)\Microsoft Visual Studio 10.0\VC\bin\CL.exe /c /ZI /nologo /W3 /WX- /Od /Oy- /D WIN32 /D _DEBUG /D _CONSOLE /D _MBCS /Gm /EHsc /RTC1 /MDd /GS /fp:precise /Zc:wchar_t /Zc:forScope /Fo"Debug\\" /Fd"Debug\vc100.pdb" /Gd /TP /analyze- /errorReport:prompt File.cpp
         File.cpp
         All outputs are up-to-date.
       ManifestResourceCompile:
         All outputs are up-to-date.
       Link:
         C:\Program Files (x86)\Microsoft Visual Studio 10.0\VC\bin\link.exe /ERRORREPORT:PROMPT /OUT:"S:\cpp\Graphics Project - vs10\Debug\Graphics Project.exe" /INCREMENTAL /NOLOGO kernel32.lib user32.lib gdi32.lib winspool.lib comdlg32.lib advapi32.lib shell32.lib ole32.lib oleaut32.lib uuid.lib odbc32.lib odbccp32.lib /MANIFEST /ManifestFile:"Debug\Graphics Project.exe.intermediate.manifest" /MANIFESTUAC:"level='asInvoker' uiAccess='false'" /DEBUG /PDB:"S:\cpp\Graphics Project - vs10\Debug\Graphics Project.pdb" /SUBSYSTEM:CONSOLE /TLBID:1 /DYNAMICBASE /NXCOMPAT /IMPLIB:"S:\cpp\Graphics Project - vs10\Debug\Graphics Project.lib" /MACHINE:X86 "Debug\Graphics Project.exe.embed.manifest.res"
         Debug\auxil.obj
         Debug\CMUgraphics.obj
         Debug\colors.obj
         Debug\image.obj
         Debug\jcomapi.obj
         Debug\jcparam.obj
         Debug\jdapimin.obj
         Debug\jdapistd.obj
         Debug\jdatasrc.obj
         Debug\jdcoefct.obj
         Debug\jdcolor.obj
         Debug\jddctmgr.obj
         Debug\jdhuff.obj
         Debug\jdinput.obj
         Debug\jdmainct.obj
         Debug\jdmarker.obj
         Debug\jdmaster.obj
         Debug\jdmerge.obj
         Debug\jdphuff.obj
         Debug\jdpostct.obj
         Debug\jdsample.obj
         Debug\jdtrans.obj
         Debug\jerror.obj
         Debug\jidctflt.obj
         Debug\jidctfst.obj
         Debug\jidctint.obj
         Debug\jidctred.obj
         Debug\jmemmgr.obj
         Debug\jmemnobs.obj
         Debug\jpegload.obj
         Debug\jquant1.obj
         Debug\jquant2.obj
         Debug\jutils.obj
         Debug\keyqueue.obj
         Debug\mousequeue.obj
         Debug\windowinput.obj
         Debug\File.obj
       Manifest:
         C:\Program Files (x86)\Microsoft SDKs\Windows\v7.0A\bin\mt.exe /nologo /verbose /out:"Debug\Graphics Project.exe.embed.manifest" /manifest "Debug\Graphics Project.exe.intermediate.manifest" /validate_manifest 
         Parsing of manifest Debug\Graphics Project.exe.embed.manifest successful.
         
         All outputs are up-to-date.
       LinkEmbedManifest:
         C:\Program Files (x86)\Microsoft Visual Studio 10.0\VC\bin\link.exe /ERRORREPORT:PROMPT /OUT:"S:\cpp\Graphics Project - vs10\Debug\Graphics Project.exe" /INCREMENTAL /NOLOGO kernel32.lib user32.lib gdi32.lib winspool.lib comdlg32.lib advapi32.lib shell32.lib ole32.lib oleaut32.lib uuid.lib odbc32.lib odbccp32.lib /MANIFEST /ManifestFile:"Debug\Graphics Project.exe.intermediate.manifest" /MANIFESTUAC:"level='asInvoker' uiAccess='false'" /DEBUG /PDB:"S:\cpp\Graphics Project - vs10\Debug\Graphics Project.pdb" /SUBSYSTEM:CONSOLE /TLBID:1 /DYNAMICBASE /NXCOMPAT /IMPLIB:"S:\cpp\Graphics Project - vs10\Debug\Graphics Project.lib" /MACHINE:X86 "Debug\Graphics Project.exe.embed.manifest.res"
         Debug\auxil.obj
         Debug\CMUgraphics.obj
         Debug\colors.obj
         Debug\image.obj
         Debug\jcomapi.obj
         Debug\jcparam.obj
         Debug\jdapimin.obj
         Debug\jdapistd.obj
         Debug\jdatasrc.obj
         Debug\jdcoefct.obj
         Debug\jdcolor.obj
         Debug\jddctmgr.obj
         Debug\jdhuff.obj
         Debug\jdinput.obj
         Debug\jdmainct.obj
         Debug\jdmarker.obj
         Debug\jdmaster.obj
         Debug\jdmerge.obj
         Debug\jdphuff.obj
         Debug\jdpostct.obj
         Debug\jdsample.obj
         Debug\jdtrans.obj
         Debug\jerror.obj
         Debug\jidctflt.obj
         Debug\jidctfst.obj
         Debug\jidctint.obj
         Debug\jidctred.obj
         Debug\jmemmgr.obj
         Debug\jmemnobs.obj
         Debug\jpegload.obj
         Debug\jquant1.obj
         Debug\jquant2.obj
         Debug\jutils.obj
         Debug\keyqueue.obj
         Debug\mousequeue.obj
         Debug\windowinput.obj
         Debug\File.obj
         Graphics Project.vcxproj -> S:\cpp\Graphics Project - vs10\Debug\Graphics Project.exe
       FinalizeBuildStatus:
         Deleting file "Debug\Graphics Project.unsuccessfulbuild".
         Touching "Debug\Graphics Project.lastbuildstate".
     1>Done Building Project "S:\cpp\Graphics Project - vs10\Graphics Project.vcxproj" (build target(s)).

Build succeeded.

Time Elapsed 00:00:04.87
